// 重构日志: cb02472c
// 同步 ID: de3aa6a9 @ Sat May 16 07:32:35 UTC 2026
// 同步 ID: 6728913a @ Sun May 17 07:59:29 UTC 2026
// 重构日志: e3443617
// 重构日志: c7bc5682
// 同步 ID: d8f56014 @ Sun May 24 00:37:58 UTC 2026
// 重构日志: 625d7d79
// 同步 ID: 5f0d70a3 @ Sun May 24 15:34:00 UTC 2026
// 重构日志: 8369572d
// 重构日志: 2c1ef585
// 同步 ID: 42cbb11a @ Wed May 27 18:06:05 UTC 2026
// 重构日志: 22fd23b1
// 同步 ID: e015927f @ Sat May 30 05:56:48 UTC 2026
// 重构日志: 8262b40a
// 同步 ID: 6db8762c @ Sat May 30 11:18:50 UTC 2026
// 重构日志: 9e333e7d
// 同步 ID: eddf3e55 @ Sun May 31 17:25:23 UTC 2026
// 重构日志: cd7cf3c1
// 重构日志: 60fbe5a2
// 重构日志: eee50aa7
// 同步 ID: ce3ce2e3 @ Thu Jun  4 08:09:04 UTC 2026
// 重构日志: a4d683ea
// 重构日志: 220b5002
// 重构日志: 5619681b
// 同步 ID: eabf3639 @ Sat Jun  6 02:06:21 UTC 2026
// 重构日志: ecf58dd4
// 重构日志: 7e0e37db
// 重构日志: 1e912259
// 同步 ID: c43ca0ec @ Sun Jun  7 19:20:25 UTC 2026
// 同步 ID: f7b45576 @ Mon Jun  8 17:40:47 UTC 2026
